2018-01-01 23:27:41,045 [main] INFO  org.mule.module.launcher.application.DefaultMuleApplication - 
++++++++++++++++++++++++++++++++++++++++++++++++++++++++++++
+ Initializing app 'auto-rest'                             +
++++++++++++++++++++++++++++++++++++++++++++++++++++++++++++
2018-01-01 23:27:41,525 [main] INFO  org.mule.lifecycle.AbstractLifecycleManager - Initialising RegistryBroker
2018-01-01 23:27:41,753 [main] INFO  org.mule.module.extension.internal.manager.DefaultExtensionManager - Starting discovery of extensions
2018-01-01 23:27:41,948 [main] INFO  org.mule.module.extension.internal.manager.DefaultExtensionManager - Discovered 1 extensions
2018-01-01 23:27:41,949 [main] INFO  org.mule.module.extension.internal.manager.DefaultExtensionManager - Registering extension validation (version 3.8)
2018-01-01 23:27:42,126 [main] INFO  org.mule.config.spring.MuleArtifactContext - Refreshing org.mule.config.spring.MuleArtifactContext@3d6300e8: startup date [Mon Jan 01 23:27:42 IST 2018]; root of context hierarchy
2018-01-01 23:27:44,571 [main] INFO  org.mule.config.spring.processors.NoDevkitInjectorProcessor - JSR-330 'javax.inject.Inject' annotation found and supported for autowiring
2018-01-01 23:27:46,035 [main] WARN  org.mule.module.ognl.expression.OgnlExpressionEvaluator - OGNL module is deprecated and will be removed in Mule 4.0. Use MEL expressions instead.
2018-01-01 23:27:46,966 [main] INFO  org.mule.util.journal.TransactionJournal - Using files for tx logs C:\Users\M1043173\AnypointStudio\workspace\.mule\.\.mule\auto-rest\queue-tx-log\tx1.log and C:\Users\M1043173\AnypointStudio\workspace\.mule\.\.mule\auto-rest\queue-tx-log\tx2.log
2018-01-01 23:27:47,004 [main] INFO  org.mule.util.journal.TransactionJournal - Using files for tx logs C:\Users\M1043173\AnypointStudio\workspace\.mule\.\.mule\auto-rest\queue-xa-tx-log\tx1.log and C:\Users\M1043173\AnypointStudio\workspace\.mule\.\.mule\auto-rest\queue-xa-tx-log\tx2.log
2018-01-01 23:27:47,205 [main] INFO  org.mule.lifecycle.AbstractLifecycleManager - Initialising model: _muleSystemModel
2018-01-01 23:27:47,212 [main] INFO  org.mule.construct.FlowConstructLifecycleManager - Initialising flow: indian_airways-main
2018-01-01 23:27:47,214 [main] INFO  org.mule.module.apikit.MappingExceptionListener - Initialising exception listener: MappingExceptionListener{statusCode=404, exceptions=[org.mule.module.apikit.exception.NotFoundException]}
2018-01-01 23:27:47,223 [main] INFO  org.mule.module.apikit.MappingExceptionListener - Initialising exception listener: MappingExceptionListener{statusCode=405, exceptions=[org.mule.module.apikit.exception.MethodNotAllowedException]}
2018-01-01 23:27:47,223 [main] INFO  org.mule.module.apikit.MappingExceptionListener - Initialising exception listener: MappingExceptionListener{statusCode=415, exceptions=[org.mule.module.apikit.exception.UnsupportedMediaTypeException]}
2018-01-01 23:27:47,224 [main] INFO  org.mule.module.apikit.MappingExceptionListener - Initialising exception listener: MappingExceptionListener{statusCode=406, exceptions=[org.mule.module.apikit.exception.NotAcceptableException]}
2018-01-01 23:27:47,225 [main] INFO  org.mule.module.apikit.MappingExceptionListener - Initialising exception listener: MappingExceptionListener{statusCode=400, exceptions=[org.mule.module.apikit.exception.BadRequestException]}
2018-01-01 23:27:47,269 [main] INFO  org.mule.processor.SedaStageLifecycleManager - Initialising service: indian_airways-main.stage1
2018-01-01 23:27:47,287 [main] INFO  org.mule.construct.FlowConstructLifecycleManager - Initialising flow: indian_airways-console
2018-01-01 23:27:47,287 [main] INFO  org.mule.exception.DefaultMessagingExceptionStrategy - Initialising exception listener: org.mule.exception.DefaultMessagingExceptionStrategy@32118208
2018-01-01 23:27:47,294 [main] INFO  org.mule.processor.SedaStageLifecycleManager - Initialising service: indian_airways-console.stage1
2018-01-01 23:27:47,298 [main] INFO  org.mule.construct.FlowConstructLifecycleManager - Initialising flow: get:/flights:indian_airways-config
2018-01-01 23:27:47,299 [main] INFO  org.mule.exception.DefaultMessagingExceptionStrategy - Initialising exception listener: org.mule.exception.DefaultMessagingExceptionStrategy@2b916808
2018-01-01 23:27:47,308 [main] INFO  org.mule.processor.SedaStageLifecycleManager - Initialising service: get:/flights:indian_airways-config.stage1
2018-01-01 23:27:47,309 [main] INFO  org.mule.construct.FlowConstructLifecycleManager - Initialising flow: get:/flights/{ID}:indian_airways-config
2018-01-01 23:27:47,309 [main] INFO  org.mule.exception.DefaultMessagingExceptionStrategy - Initialising exception listener: org.mule.exception.DefaultMessagingExceptionStrategy@2b148329
2018-01-01 23:27:47,316 [main] INFO  org.mule.processor.SedaStageLifecycleManager - Initialising service: get:/flights/{ID}:indian_airways-config.stage1
2018-01-01 23:27:47,317 [main] INFO  org.mule.construct.FlowConstructLifecycleManager - Initialising flow: post:/flights:indian_airways-config
2018-01-01 23:27:47,317 [main] INFO  org.mule.exception.DefaultMessagingExceptionStrategy - Initialising exception listener: org.mule.exception.DefaultMessagingExceptionStrategy@318c68d5
2018-01-01 23:27:47,324 [main] INFO  org.mule.processor.SedaStageLifecycleManager - Initialising service: post:/flights:indian_airways-config.stage1
2018-01-01 23:27:48,585 [main] INFO  org.mule.module.apikit.Configuration - Building resource URI cache...
2018-01-01 23:27:49,307 [main] INFO  org.mule.config.spring.SpringXmlConfigurationBuilder - Configured Mule using "org.mule.config.spring.SpringXmlConfigurationBuilder" with configuration resource(s): "[ConfigResource{resourceName='C:\Users\M1043173\AnypointStudio\workspace\.mule\apps\auto-rest\indian_airways.xml'}]"
2018-01-01 23:27:49,307 [main] INFO  org.mule.config.builders.AutoConfigurationBuilder - Configured Mule using "org.mule.config.builders.AutoConfigurationBuilder" with configuration resource(s): "[ConfigResource{resourceName='C:\Users\M1043173\AnypointStudio\workspace\.mule\apps\auto-rest\indian_airways.xml'}]"
2018-01-01 23:27:52,350 [main] INFO  org.mule.module.launcher.application.DefaultMuleApplication - 
++++++++++++++++++++++++++++++++++++++++++++++++++++++++++++
+ Starting app 'auto-rest'                                 +
++++++++++++++++++++++++++++++++++++++++++++++++++++++++++++
2018-01-01 23:27:52,355 [main] INFO  org.mule.util.queue.QueueXaResourceManager - Starting ResourceManager
2018-01-01 23:27:52,355 [main] INFO  org.mule.util.queue.QueueXaResourceManager - Started ResourceManager
2018-01-01 23:27:52,484 [main] INFO  org.mule.module.http.internal.listener.DefaultHttpListenerConfig - Listening for requests on http://0.0.0.0:8081
2018-01-01 23:27:52,488 [main] INFO  org.mule.modules.oauth2.provider.agents.DefaultSplashScreenAgent - 
++++++++++++++++++++++++++++++++++++++++++++++++++++++++++++++++++++++++++++++++
+ DevKit Extensions (0) used in this application 
                             +
++++++++++++++++++++++++++++++++++++++++++++++++++++++++++++++++++++++++++++++++
2018-01-01 23:27:52,492 [main] INFO  org.mule.lifecycle.AbstractLifecycleManager - Starting model: _muleSystemModel
2018-01-01 23:27:52,495 [main] INFO  org.mule.construct.FlowConstructLifecycleManager - Starting flow: indian_airways-main
2018-01-01 23:27:52,498 [main] INFO  org.mule.processor.SedaStageLifecycleManager - Starting service: indian_airways-main.stage1
2018-01-01 23:27:52,518 [main] INFO  org.mule.module.apikit.Configuration - 
********************************************************************************
* APIKit Console URL: http://127.0.0.1:8081/console                            *
********************************************************************************
2018-01-01 23:27:52,518 [main] INFO  org.mule.construct.FlowConstructLifecycleManager - Starting flow: indian_airways-console
2018-01-01 23:27:52,518 [main] INFO  org.mule.processor.SedaStageLifecycleManager - Starting service: indian_airways-console.stage1
2018-01-01 23:27:52,525 [main] INFO  org.mule.construct.FlowConstructLifecycleManager - Starting flow: get:/flights:indian_airways-config
2018-01-01 23:27:52,525 [main] INFO  org.mule.processor.SedaStageLifecycleManager - Starting service: get:/flights:indian_airways-config.stage1
2018-01-01 23:27:52,530 [main] INFO  org.mule.construct.FlowConstructLifecycleManager - Starting flow: get:/flights/{ID}:indian_airways-config
2018-01-01 23:27:52,530 [main] INFO  org.mule.processor.SedaStageLifecycleManager - Starting service: get:/flights/{ID}:indian_airways-config.stage1
2018-01-01 23:27:52,536 [main] INFO  org.mule.construct.FlowConstructLifecycleManager - Starting flow: post:/flights:indian_airways-config
2018-01-01 23:27:52,536 [main] INFO  org.mule.processor.SedaStageLifecycleManager - Starting service: post:/flights:indian_airways-config.stage1
2018-01-01 23:27:52,643 [main] INFO  org.mule.module.management.agent.WrapperManagerAgent - This JVM hasn't been launched by the wrapper, the agent will not run.
2018-01-01 23:27:52,706 [main] INFO  org.mule.DefaultMuleContext - 
**********************************************************************
* Application: auto-rest                                             *
* OS encoding: \, Mule encoding: UTF-8                               *
*                                                                    *
* Agents Running:                                                    *
*   Batch module default engine                                      *
*   DevKit Extension Information                                     *
*   JMX Agent                                                        *
*   Wrapper Manager                                                  *
**********************************************************************
2018-01-01 23:28:02,818 [[auto-rest].indian_airways-httpListenerConfig.worker.02] ERROR org.mule.module.apikit.MappingExceptionListener - 
********************************************************************************
Message               : Required query parameter code not specified
Payload               : {NullPayload}
Payload Type          : org.mule.transport.NullPayload
Element               : /indian_airways-main/processors/0 @ auto-rest:indian_airways.xml:10 (APIkit Router)
Element XML           : <apikit:router config-ref="indian_airways-config" doc:name="APIkit Router"></apikit:router>
--------------------------------------------------------------------------------
Root Exception stack trace:
org.mule.module.apikit.exception.InvalidQueryParameterException: Required query parameter code not specified
	at org.mule.module.apikit.HttpRestRequest.processQueryParameters(HttpRestRequest.java:153)
	at org.mule.module.apikit.HttpRestRequest.validate(HttpRestRequest.java:122)
	at org.mule.module.apikit.AbstractRouter.processRouterRequest(AbstractRouter.java:205)
	at org.mule.module.apikit.AbstractRouter.processBlockingRequest(AbstractRouter.java:104)
	at org.mule.module.apikit.AbstractRouter.processBlocking(AbstractRouter.java:98)
	at org.mule.module.apikit.AbstractRouter.process(AbstractRouter.java:80)
	at org.mule.execution.ExceptionToMessagingExceptionExecutionInterceptor.execute(ExceptionToMessagingExceptionExecutionInterceptor.java:27)
	at org.mule.execution.MessageProcessorNotificationExecutionInterceptor.execute(MessageProcessorNotificationExecutionInterceptor.java:108)
	at org.mule.execution.MessageProcessorExecutionTemplate.execute(MessageProcessorExecutionTemplate.java:44)
	at org.mule.processor.BlockingProcessorExecutor.executeNext(BlockingProcessorExecutor.java:98)
	at org.mule.processor.BlockingProcessorExecutor.execute(BlockingProcessorExecutor.java:59)
	at org.mule.processor.AsyncInterceptingMessageProcessor.process(AsyncInterceptingMessageProcessor.java:108)
	at org.mule.execution.ExceptionToMessagingExceptionExecutionInterceptor.execute(ExceptionToMessagingExceptionExecutionInterceptor.java:27)
	at org.mule.execution.MessageProcessorNotificationExecutionInterceptor.execute(MessageProcessorNotificationExecutionInterceptor.java:108)
	at org.mule.execution.MessageProcessorExecutionTemplate.execute(MessageProcessorExecutionTemplate.java:44)
	at org.mule.processor.BlockingProcessorExecutor.executeNext(BlockingProcessorExecutor.java:98)
	at org.mule.processor.BlockingProcessorExecutor.execute(BlockingProcessorExecutor.java:59)
	at org.mule.construct.DynamicPipelineMessageProcessor.process(DynamicPipelineMessageProcessor.java:55)
	at org.mule.execution.ExceptionToMessagingExceptionExecutionInterceptor.execute(ExceptionToMessagingExceptionExecutionInterceptor.java:27)
	at org.mule.execution.MessageProcessorNotificationExecutionInterceptor.execute(MessageProcessorNotificationExecutionInterceptor.java:108)
	at org.mule.execution.MessageProcessorExecutionTemplate.execute(MessageProcessorExecutionTemplate.java:44)
	at org.mule.processor.BlockingProcessorExecutor.executeNext(BlockingProcessorExecutor.java:88)
	at org.mule.processor.BlockingProcessorExecutor.execute(BlockingProcessorExecutor.java:59)
	at org.mule.execution.ExceptionToMessagingExceptionExecutionInterceptor.execute(ExceptionToMessagingExceptionExecutionInterceptor.java:27)
	at org.mule.execution.MessageProcessorExecutionTemplate.execute(MessageProcessorExecutionTemplate.java:44)
	at org.mule.processor.BlockingProcessorExecutor.executeNext(BlockingProcessorExecutor.java:98)
	at org.mule.processor.BlockingProcessorExecutor.execute(BlockingProcessorExecutor.java:59)
	at org.mule.interceptor.AbstractEnvelopeInterceptor.processBlocking(AbstractEnvelopeInterceptor.java:58)
	at org.mule.processor.AbstractRequestResponseMessageProcessor.process(AbstractRequestResponseMessageProcessor.java:47)
	at org.mule.execution.ExceptionToMessagingExceptionExecutionInterceptor.execute(ExceptionToMessagingExceptionExecutionInterceptor.java:27)
	at org.mule.execution.MessageProcessorNotificationExecutionInterceptor.execute(MessageProcessorNotificationExecutionInterceptor.java:108)
	at org.mule.execution.MessageProcessorExecutionTemplate.execute(MessageProcessorExecutionTemplate.java:44)
	at org.mule.processor.BlockingProcessorExecutor.executeNext(BlockingProcessorExecutor.java:98)
	at org.mule.processor.BlockingProcessorExecutor.execute(BlockingProcessorExecutor.java:59)
	at org.mule.processor.AbstractFilteringMessageProcessor.process(AbstractFilteringMessageProcessor.java:52)
	at org.mule.execution.ExceptionToMessagingExceptionExecutionInterceptor.execute(ExceptionToMessagingExceptionExecutionInterceptor.java:27)
	at org.mule.execution.MessageProcessorNotificationExecutionInterceptor.execute(MessageProcessorNotificationExecutionInterceptor.java:108)
	at org.mule.execution.MessageProcessorExecutionTemplate.execute(MessageProcessorExecutionTemplate.java:44)
	at org.mule.processor.BlockingProcessorExecutor.executeNext(BlockingProcessorExecutor.java:98)
	at org.mule.processor.BlockingProcessorExecutor.execute(BlockingProcessorExecutor.java:59)
	at org.mule.processor.AbstractRequestResponseMessageProcessor.processBlocking(AbstractRequestResponseMessageProcessor.java:56)
	at org.mule.processor.AbstractRequestResponseMessageProcessor.process(AbstractRequestResponseMessageProcessor.java:47)
	at org.mule.execution.ExceptionToMessagingExceptionExecutionInterceptor.execute(ExceptionToMessagingExceptionExecutionInterceptor.java:27)
	at org.mule.execution.MessageProcessorNotificationExecutionInterceptor.execute(MessageProcessorNotificationExecutionInterceptor.java:108)
	at org.mule.execution.MessageProcessorExecutionTemplate.execute(MessageProcessorExecutionTemplate.java:44)
	at org.mule.processor.BlockingProcessorExecutor.executeNext(BlockingProcessorExecutor.java:88)
	at org.mule.processor.BlockingProcessorExecutor.execute(BlockingProcessorExecutor.java:59)
	at org.mule.execution.ExceptionToMessagingExceptionExecutionInterceptor.execute(ExceptionToMessagingExceptionExecutionInterceptor.java:27)
	at org.mule.execution.MessageProcessorNotificationExecutionInterceptor.execute(MessageProcessorNotificationExecutionInterceptor.java:108)
	at org.mule.execution.MessageProcessorExecutionTemplate.execute(MessageProcessorExecutionTemplate.java:44)
	at org.mule.construct.AbstractPipeline$3.process(AbstractPipeline.java:232)
	at org.mule.module.http.internal.listener.HttpMessageProcessorTemplate.routeEvent(HttpMessageProcessorTemplate.java:73)
	at org.mule.execution.AsyncResponseFlowProcessingPhase$1.process(AsyncResponseFlowProcessingPhase.java:72)
	at org.mule.execution.AsyncResponseFlowProcessingPhase$1.process(AsyncResponseFlowProcessingPhase.java:59)
	at org.mule.execution.ExecuteCallbackInterceptor.execute(ExecuteCallbackInterceptor.java:16)
	at org.mule.execution.CommitTransactionInterceptor.execute(CommitTransactionInterceptor.java:35)
	at org.mule.execution.CommitTransactionInterceptor.execute(CommitTransactionInterceptor.java:22)
	at org.mule.execution.HandleExceptionInterceptor.execute(HandleExceptionInterceptor.java:30)
	at org.mule.execution.HandleExceptionInterceptor.execute(HandleExceptionInterceptor.java:14)
	at org.mule.execution.BeginAndResolveTransactionInterceptor.execute(BeginAndResolveTransactionInterceptor.java:67)
	at org.mule.execution.ResolvePreviousTransactionInterceptor.execute(ResolvePreviousTransactionInterceptor.java:44)
	at org.mule.execution.SuspendXaTransactionInterceptor.execute(SuspendXaTransactionInterceptor.java:50)
	at org.mule.execution.ValidateTransactionalStateInterceptor.execute(ValidateTransactionalStateInterceptor.java:40)
	at org.mule.execution.IsolateCurrentTransactionInterceptor.execute(IsolateCurrentTransactionInterceptor.java:41)
	at org.mule.execution.ExternalTransactionInterceptor.execute(ExternalTransactionInterceptor.java:48)
	at org.mule.execution.RethrowExceptionInterceptor.execute(RethrowExceptionInterceptor.java:28)
	at org.mule.execution.RethrowExceptionInterceptor.execute(RethrowExceptionInterceptor.java:13)
	at org.mule.execution.TransactionalErrorHandlingExecutionTemplate.execute(TransactionalErrorHandlingExecutionTemplate.java:110)
	at org.mule.execution.AsyncResponseFlowProcessingPhase.runPhase(AsyncResponseFlowProcessingPhase.java:58)
	at org.mule.execution.AsyncResponseFlowProcessingPhase.runPhase(AsyncResponseFlowProcessingPhase.java:35)
	at org.mule.execution.PhaseExecutionEngine$InternalPhaseExecutionEngine.phaseSuccessfully(PhaseExecutionEngine.java:65)
	at org.mule.execution.PhaseExecutionEngine$InternalPhaseExecutionEngine.phaseSuccessfully(PhaseExecutionEngine.java:69)
	at com.mulesoft.mule.throttling.ThrottlingPhase.runPhase(ThrottlingPhase.java:187)
	at com.mulesoft.mule.throttling.ThrottlingPhase.runPhase(ThrottlingPhase.java:58)
	at org.mule.execution.PhaseExecutionEngine$InternalPhaseExecutionEngine.phaseSuccessfully(PhaseExecutionEngine.java:65)
	at com.mulesoft.gateway.http.phases.GatewayValidationPhase.runPhase(GatewayValidationPhase.java:93)
	at com.mulesoft.gateway.http.phases.GatewayValidationPhase.runPhase(GatewayValidationPhase.java:49)
	at org.mule.execution.PhaseExecutionEngine$InternalPhaseExecutionEngine.phaseSuccessfully(PhaseExecutionEngine.java:65)
	at org.mule.modules.cors.CorsPhase.runPhase(CorsPhase.java:112)
	at org.mule.modules.cors.CorsPhase.runPhase(CorsPhase.java:39)
	at org.mule.execution.PhaseExecutionEngine$InternalPhaseExecutionEngine.process(PhaseExecutionEngine.java:114)
	at org.mule.execution.PhaseExecutionEngine.process(PhaseExecutionEngine.java:41)
	at org.mule.execution.MuleMessageProcessingManager.processMessage(MuleMessageProcessingManager.java:32)
	at org.mule.module.http.internal.listener.DefaultHttpListener$1.handleRequest(DefaultHttpListener.java:135)
	at org.mule.module.http.internal.listener.grizzly.GrizzlyRequestDispatcherFilter.handleRead(GrizzlyRequestDispatcherFilter.java:100)
	at org.glassfish.grizzly.filterchain.ExecutorResolver$9.execute(ExecutorResolver.java:119)
	at org.glassfish.grizzly.filterchain.DefaultFilterChain.executeFilter(DefaultFilterChain.java:284)
	at org.glassfish.grizzly.filterchain.DefaultFilterChain.executeChainPart(DefaultFilterChain.java:201)
	at org.glassfish.grizzly.filterchain.DefaultFilterChain.execute(DefaultFilterChain.java:133)
	at org.glassfish.grizzly.filterchain.DefaultFilterChain.process(DefaultFilterChain.java:112)
	at org.glassfish.grizzly.ProcessorExecutor.execute(ProcessorExecutor.java:77)
	at org.glassfish.grizzly.nio.transport.TCPNIOTransport.fireIOEvent(TCPNIOTransport.java:539)
	at org.glassfish.grizzly.strategies.AbstractIOStrategy.fireIOEvent(AbstractIOStrategy.java:112)
	at org.mule.module.http.internal.listener.grizzly.ExecutorPerServerAddressIOStrategy.run0(ExecutorPerServerAddressIOStrategy.java:119)
	at org.mule.module.http.internal.listener.grizzly.ExecutorPerServerAddressIOStrategy.access$100(ExecutorPerServerAddressIOStrategy.java:31)
	at org.mule.module.http.internal.listener.grizzly.ExecutorPerServerAddressIOStrategy$WorkerThreadRunnable.run(ExecutorPerServerAddressIOStrategy.java:142)
	at java.util.concurrent.ThreadPoolExecutor.runWorker(Unknown Source)
	at java.util.concurrent.ThreadPoolExecutor$Worker.run(Unknown Source)
	at java.lang.Thread.run(Unknown Source)

********************************************************************************

2018-01-01 23:29:02,663 [main] INFO  org.mule.module.launcher.application.DefaultMuleApplication - 
++++++++++++++++++++++++++++++++++++++++++++++++++++++++++++
+ Initializing app 'auto-rest'                             +
++++++++++++++++++++++++++++++++++++++++++++++++++++++++++++
2018-01-01 23:29:03,091 [main] INFO  org.mule.lifecycle.AbstractLifecycleManager - Initialising RegistryBroker
2018-01-01 23:29:03,349 [main] INFO  org.mule.module.extension.internal.manager.DefaultExtensionManager - Starting discovery of extensions
2018-01-01 23:29:03,563 [main] INFO  org.mule.module.extension.internal.manager.DefaultExtensionManager - Discovered 1 extensions
2018-01-01 23:29:03,564 [main] INFO  org.mule.module.extension.internal.manager.DefaultExtensionManager - Registering extension validation (version 3.8)
2018-01-01 23:29:03,738 [main] INFO  org.mule.config.spring.MuleArtifactContext - Refreshing org.mule.config.spring.MuleArtifactContext@3d6300e8: startup date [Mon Jan 01 23:29:03 IST 2018]; root of context hierarchy
2018-01-01 23:29:06,101 [main] INFO  org.mule.config.spring.processors.NoDevkitInjectorProcessor - JSR-330 'javax.inject.Inject' annotation found and supported for autowiring
2018-01-01 23:29:07,590 [main] WARN  org.mule.module.ognl.expression.OgnlExpressionEvaluator - OGNL module is deprecated and will be removed in Mule 4.0. Use MEL expressions instead.
2018-01-01 23:29:08,531 [main] INFO  org.mule.util.journal.TransactionJournal - Using files for tx logs C:\Users\M1043173\AnypointStudio\workspace\.mule\.\.mule\auto-rest\queue-tx-log\tx1.log and C:\Users\M1043173\AnypointStudio\workspace\.mule\.\.mule\auto-rest\queue-tx-log\tx2.log
2018-01-01 23:29:08,561 [main] INFO  org.mule.util.journal.TransactionJournal - Using files for tx logs C:\Users\M1043173\AnypointStudio\workspace\.mule\.\.mule\auto-rest\queue-xa-tx-log\tx1.log and C:\Users\M1043173\AnypointStudio\workspace\.mule\.\.mule\auto-rest\queue-xa-tx-log\tx2.log
2018-01-01 23:29:08,731 [main] INFO  org.mule.lifecycle.AbstractLifecycleManager - Initialising model: _muleSystemModel
2018-01-01 23:29:08,737 [main] INFO  org.mule.construct.FlowConstructLifecycleManager - Initialising flow: indian_airways-main
2018-01-01 23:29:08,739 [main] INFO  org.mule.module.apikit.MappingExceptionListener - Initialising exception listener: MappingExceptionListener{statusCode=404, exceptions=[org.mule.module.apikit.exception.NotFoundException]}
2018-01-01 23:29:08,747 [main] INFO  org.mule.module.apikit.MappingExceptionListener - Initialising exception listener: MappingExceptionListener{statusCode=405, exceptions=[org.mule.module.apikit.exception.MethodNotAllowedException]}
2018-01-01 23:29:08,747 [main] INFO  org.mule.module.apikit.MappingExceptionListener - Initialising exception listener: MappingExceptionListener{statusCode=415, exceptions=[org.mule.module.apikit.exception.UnsupportedMediaTypeException]}
2018-01-01 23:29:08,747 [main] INFO  org.mule.module.apikit.MappingExceptionListener - Initialising exception listener: MappingExceptionListener{statusCode=406, exceptions=[org.mule.module.apikit.exception.NotAcceptableException]}
2018-01-01 23:29:08,748 [main] INFO  org.mule.module.apikit.MappingExceptionListener - Initialising exception listener: MappingExceptionListener{statusCode=400, exceptions=[org.mule.module.apikit.exception.BadRequestException]}
2018-01-01 23:29:08,796 [main] INFO  org.mule.processor.SedaStageLifecycleManager - Initialising service: indian_airways-main.stage1
2018-01-01 23:29:08,815 [main] INFO  org.mule.construct.FlowConstructLifecycleManager - Initialising flow: indian_airways-console
2018-01-01 23:29:08,815 [main] INFO  org.mule.exception.DefaultMessagingExceptionStrategy - Initialising exception listener: org.mule.exception.DefaultMessagingExceptionStrategy@416d56f2
2018-01-01 23:29:08,822 [main] INFO  org.mule.processor.SedaStageLifecycleManager - Initialising service: indian_airways-console.stage1
2018-01-01 23:29:08,827 [main] INFO  org.mule.construct.FlowConstructLifecycleManager - Initialising flow: get:/flights:indian_airways-config
2018-01-01 23:29:08,827 [main] INFO  org.mule.exception.DefaultMessagingExceptionStrategy - Initialising exception listener: org.mule.exception.DefaultMessagingExceptionStrategy@7a3269f5
2018-01-01 23:29:08,834 [main] INFO  org.mule.processor.SedaStageLifecycleManager - Initialising service: get:/flights:indian_airways-config.stage1
2018-01-01 23:29:08,835 [main] INFO  org.mule.construct.FlowConstructLifecycleManager - Initialising flow: get:/flights/{ID}:indian_airways-config
2018-01-01 23:29:08,835 [main] INFO  org.mule.exception.DefaultMessagingExceptionStrategy - Initialising exception listener: org.mule.exception.DefaultMessagingExceptionStrategy@6bedd4e4
2018-01-01 23:29:08,841 [main] INFO  org.mule.processor.SedaStageLifecycleManager - Initialising service: get:/flights/{ID}:indian_airways-config.stage1
2018-01-01 23:29:08,842 [main] INFO  org.mule.construct.FlowConstructLifecycleManager - Initialising flow: post:/flights:indian_airways-config
2018-01-01 23:29:08,842 [main] INFO  org.mule.exception.DefaultMessagingExceptionStrategy - Initialising exception listener: org.mule.exception.DefaultMessagingExceptionStrategy@516592b1
2018-01-01 23:29:08,848 [main] INFO  org.mule.processor.SedaStageLifecycleManager - Initialising service: post:/flights:indian_airways-config.stage1
2018-01-01 23:29:09,551 [main] INFO  org.mule.module.apikit.Configuration - Building resource URI cache...
2018-01-01 23:29:10,101 [main] INFO  org.mule.config.spring.SpringXmlConfigurationBuilder - Configured Mule using "org.mule.config.spring.SpringXmlConfigurationBuilder" with configuration resource(s): "[ConfigResource{resourceName='C:\Users\M1043173\AnypointStudio\workspace\.mule\apps\auto-rest\indian_airways.xml'}]"
2018-01-01 23:29:10,101 [main] INFO  org.mule.config.builders.AutoConfigurationBuilder - Configured Mule using "org.mule.config.builders.AutoConfigurationBuilder" with configuration resource(s): "[ConfigResource{resourceName='C:\Users\M1043173\AnypointStudio\workspace\.mule\apps\auto-rest\indian_airways.xml'}]"
2018-01-01 23:29:13,151 [main] INFO  org.mule.module.launcher.application.DefaultMuleApplication - 
++++++++++++++++++++++++++++++++++++++++++++++++++++++++++++
+ Starting app 'auto-rest'                                 +
++++++++++++++++++++++++++++++++++++++++++++++++++++++++++++
2018-01-01 23:29:13,157 [main] INFO  org.mule.util.queue.QueueXaResourceManager - Starting ResourceManager
2018-01-01 23:29:13,157 [main] INFO  org.mule.util.queue.QueueXaResourceManager - Started ResourceManager
2018-01-01 23:29:13,313 [main] INFO  org.mule.module.http.internal.listener.DefaultHttpListenerConfig - Listening for requests on http://0.0.0.0:8081
2018-01-01 23:29:13,324 [main] INFO  org.mule.modules.oauth2.provider.agents.DefaultSplashScreenAgent - 
++++++++++++++++++++++++++++++++++++++++++++++++++++++++++++++++++++++++++++++++
+ DevKit Extensions (0) used in this application 
                             +
++++++++++++++++++++++++++++++++++++++++++++++++++++++++++++++++++++++++++++++++
2018-01-01 23:29:13,332 [main] INFO  org.mule.lifecycle.AbstractLifecycleManager - Starting model: _muleSystemModel
2018-01-01 23:29:13,336 [main] INFO  org.mule.construct.FlowConstructLifecycleManager - Starting flow: indian_airways-main
2018-01-01 23:29:13,340 [main] INFO  org.mule.processor.SedaStageLifecycleManager - Starting service: indian_airways-main.stage1
2018-01-01 23:29:13,363 [main] INFO  org.mule.module.apikit.Configuration - 
********************************************************************************
* APIKit Console URL: http://127.0.0.1:8081/console                            *
********************************************************************************
2018-01-01 23:29:13,363 [main] INFO  org.mule.construct.FlowConstructLifecycleManager - Starting flow: indian_airways-console
2018-01-01 23:29:13,363 [main] INFO  org.mule.processor.SedaStageLifecycleManager - Starting service: indian_airways-console.stage1
2018-01-01 23:29:13,376 [main] INFO  org.mule.construct.FlowConstructLifecycleManager - Starting flow: get:/flights:indian_airways-config
2018-01-01 23:29:13,383 [main] INFO  org.mule.processor.SedaStageLifecycleManager - Starting service: get:/flights:indian_airways-config.stage1
2018-01-01 23:29:13,391 [main] INFO  org.mule.construct.FlowConstructLifecycleManager - Starting flow: get:/flights/{ID}:indian_airways-config
2018-01-01 23:29:13,391 [main] INFO  org.mule.processor.SedaStageLifecycleManager - Starting service: get:/flights/{ID}:indian_airways-config.stage1
2018-01-01 23:29:13,397 [main] INFO  org.mule.construct.FlowConstructLifecycleManager - Starting flow: post:/flights:indian_airways-config
2018-01-01 23:29:13,398 [main] INFO  org.mule.processor.SedaStageLifecycleManager - Starting service: post:/flights:indian_airways-config.stage1
2018-01-01 23:29:13,503 [main] INFO  org.mule.module.management.agent.WrapperManagerAgent - This JVM hasn't been launched by the wrapper, the agent will not run.
2018-01-01 23:29:13,539 [main] INFO  org.mule.DefaultMuleContext - 
**********************************************************************
* Application: auto-rest                                             *
* OS encoding: \, Mule encoding: UTF-8                               *
*                                                                    *
* Agents Running:                                                    *
*   Batch module default engine                                      *
*   DevKit Extension Information                                     *
*   JMX Agent                                                        *
*   Wrapper Manager                                                  *
**********************************************************************
2018-01-01 23:29:43,568 [main] INFO  org.mule.module.launcher.application.DefaultMuleApplication - 
++++++++++++++++++++++++++++++++++++++++++++++++++++++++++++
+ Initializing app 'auto-rest'                             +
++++++++++++++++++++++++++++++++++++++++++++++++++++++++++++
2018-01-01 23:29:44,004 [main] INFO  org.mule.lifecycle.AbstractLifecycleManager - Initialising RegistryBroker
2018-01-01 23:29:44,218 [main] INFO  org.mule.module.extension.internal.manager.DefaultExtensionManager - Starting discovery of extensions
2018-01-01 23:29:44,458 [main] INFO  org.mule.module.extension.internal.manager.DefaultExtensionManager - Discovered 1 extensions
2018-01-01 23:29:44,460 [main] INFO  org.mule.module.extension.internal.manager.DefaultExtensionManager - Registering extension validation (version 3.8)
2018-01-01 23:29:44,623 [main] INFO  org.mule.config.spring.MuleArtifactContext - Refreshing org.mule.config.spring.MuleArtifactContext@3d6300e8: startup date [Mon Jan 01 23:29:44 IST 2018]; root of context hierarchy
2018-01-01 23:29:47,102 [main] INFO  org.mule.config.spring.processors.NoDevkitInjectorProcessor - JSR-330 'javax.inject.Inject' annotation found and supported for autowiring
2018-01-01 23:29:48,597 [main] WARN  org.mule.module.ognl.expression.OgnlExpressionEvaluator - OGNL module is deprecated and will be removed in Mule 4.0. Use MEL expressions instead.
2018-01-01 23:29:49,473 [main] INFO  org.mule.util.journal.TransactionJournal - Using files for tx logs C:\Users\M1043173\AnypointStudio\workspace\.mule\.\.mule\auto-rest\queue-tx-log\tx1.log and C:\Users\M1043173\AnypointStudio\workspace\.mule\.\.mule\auto-rest\queue-tx-log\tx2.log
2018-01-01 23:29:49,508 [main] INFO  org.mule.util.journal.TransactionJournal - Using files for tx logs C:\Users\M1043173\AnypointStudio\workspace\.mule\.\.mule\auto-rest\queue-xa-tx-log\tx1.log and C:\Users\M1043173\AnypointStudio\workspace\.mule\.\.mule\auto-rest\queue-xa-tx-log\tx2.log
2018-01-01 23:29:49,652 [main] INFO  org.mule.lifecycle.AbstractLifecycleManager - Initialising model: _muleSystemModel
2018-01-01 23:29:49,657 [main] INFO  org.mule.construct.FlowConstructLifecycleManager - Initialising flow: indian_airways-main
2018-01-01 23:29:49,659 [main] INFO  org.mule.module.apikit.MappingExceptionListener - Initialising exception listener: MappingExceptionListener{statusCode=404, exceptions=[org.mule.module.apikit.exception.NotFoundException]}
2018-01-01 23:29:49,667 [main] INFO  org.mule.module.apikit.MappingExceptionListener - Initialising exception listener: MappingExceptionListener{statusCode=405, exceptions=[org.mule.module.apikit.exception.MethodNotAllowedException]}
2018-01-01 23:29:49,667 [main] INFO  org.mule.module.apikit.MappingExceptionListener - Initialising exception listener: MappingExceptionListener{statusCode=415, exceptions=[org.mule.module.apikit.exception.UnsupportedMediaTypeException]}
2018-01-01 23:29:49,667 [main] INFO  org.mule.module.apikit.MappingExceptionListener - Initialising exception listener: MappingExceptionListener{statusCode=406, exceptions=[org.mule.module.apikit.exception.NotAcceptableException]}
2018-01-01 23:29:49,669 [main] INFO  org.mule.module.apikit.MappingExceptionListener - Initialising exception listener: MappingExceptionListener{statusCode=400, exceptions=[org.mule.module.apikit.exception.BadRequestException]}
2018-01-01 23:29:49,712 [main] INFO  org.mule.processor.SedaStageLifecycleManager - Initialising service: indian_airways-main.stage1
2018-01-01 23:29:49,730 [main] INFO  org.mule.construct.FlowConstructLifecycleManager - Initialising flow: indian_airways-console
2018-01-01 23:29:49,731 [main] INFO  org.mule.exception.DefaultMessagingExceptionStrategy - Initialising exception listener: org.mule.exception.DefaultMessagingExceptionStrategy@416d56f2
2018-01-01 23:29:49,738 [main] INFO  org.mule.processor.SedaStageLifecycleManager - Initialising service: indian_airways-console.stage1
2018-01-01 23:29:49,744 [main] INFO  org.mule.construct.FlowConstructLifecycleManager - Initialising flow: get:/flights:indian_airways-config
2018-01-01 23:29:49,744 [main] INFO  org.mule.exception.DefaultMessagingExceptionStrategy - Initialising exception listener: org.mule.exception.DefaultMessagingExceptionStrategy@7a3269f5
2018-01-01 23:29:49,753 [main] INFO  org.mule.processor.SedaStageLifecycleManager - Initialising service: get:/flights:indian_airways-config.stage1
2018-01-01 23:29:49,754 [main] INFO  org.mule.construct.FlowConstructLifecycleManager - Initialising flow: get:/flights/{ID}:indian_airways-config
2018-01-01 23:29:49,754 [main] INFO  org.mule.exception.DefaultMessagingExceptionStrategy - Initialising exception listener: org.mule.exception.DefaultMessagingExceptionStrategy@6bedd4e4
2018-01-01 23:29:49,761 [main] INFO  org.mule.processor.SedaStageLifecycleManager - Initialising service: get:/flights/{ID}:indian_airways-config.stage1
2018-01-01 23:29:49,762 [main] INFO  org.mule.construct.FlowConstructLifecycleManager - Initialising flow: post:/flights:indian_airways-config
2018-01-01 23:29:49,762 [main] INFO  org.mule.exception.DefaultMessagingExceptionStrategy - Initialising exception listener: org.mule.exception.DefaultMessagingExceptionStrategy@516592b1
2018-01-01 23:29:49,770 [main] INFO  org.mule.processor.SedaStageLifecycleManager - Initialising service: post:/flights:indian_airways-config.stage1
2018-01-01 23:29:50,833 [main] INFO  org.mule.module.apikit.Configuration - Building resource URI cache...
2018-01-01 23:29:51,494 [main] INFO  org.mule.config.spring.SpringXmlConfigurationBuilder - Configured Mule using "org.mule.config.spring.SpringXmlConfigurationBuilder" with configuration resource(s): "[ConfigResource{resourceName='C:\Users\M1043173\AnypointStudio\workspace\.mule\apps\auto-rest\indian_airways.xml'}]"
2018-01-01 23:29:51,494 [main] INFO  org.mule.config.builders.AutoConfigurationBuilder - Configured Mule using "org.mule.config.builders.AutoConfigurationBuilder" with configuration resource(s): "[ConfigResource{resourceName='C:\Users\M1043173\AnypointStudio\workspace\.mule\apps\auto-rest\indian_airways.xml'}]"
2018-01-01 23:29:54,539 [main] INFO  org.mule.module.launcher.application.DefaultMuleApplication - 
++++++++++++++++++++++++++++++++++++++++++++++++++++++++++++
+ Starting app 'auto-rest'                                 +
++++++++++++++++++++++++++++++++++++++++++++++++++++++++++++
2018-01-01 23:29:54,545 [main] INFO  org.mule.util.queue.QueueXaResourceManager - Starting ResourceManager
2018-01-01 23:29:54,545 [main] INFO  org.mule.util.queue.QueueXaResourceManager - Started ResourceManager
2018-01-01 23:29:54,678 [main] INFO  org.mule.module.http.internal.listener.DefaultHttpListenerConfig - Listening for requests on http://0.0.0.0:8081
2018-01-01 23:29:54,683 [main] INFO  org.mule.modules.oauth2.provider.agents.DefaultSplashScreenAgent - 
++++++++++++++++++++++++++++++++++++++++++++++++++++++++++++++++++++++++++++++++
+ DevKit Extensions (0) used in this application 
                             +
++++++++++++++++++++++++++++++++++++++++++++++++++++++++++++++++++++++++++++++++
2018-01-01 23:29:54,687 [main] INFO  org.mule.lifecycle.AbstractLifecycleManager - Starting model: _muleSystemModel
2018-01-01 23:29:54,690 [main] INFO  org.mule.construct.FlowConstructLifecycleManager - Starting flow: indian_airways-main
2018-01-01 23:29:54,692 [main] INFO  org.mule.processor.SedaStageLifecycleManager - Starting service: indian_airways-main.stage1
2018-01-01 23:29:54,719 [main] INFO  org.mule.module.apikit.Configuration - 
********************************************************************************
* APIKit Console URL: http://127.0.0.1:8081/console                            *
********************************************************************************
2018-01-01 23:29:54,721 [main] INFO  org.mule.construct.FlowConstructLifecycleManager - Starting flow: indian_airways-console
2018-01-01 23:29:54,723 [main] INFO  org.mule.processor.SedaStageLifecycleManager - Starting service: indian_airways-console.stage1
2018-01-01 23:29:54,732 [main] INFO  org.mule.construct.FlowConstructLifecycleManager - Starting flow: get:/flights:indian_airways-config
2018-01-01 23:29:54,732 [main] INFO  org.mule.processor.SedaStageLifecycleManager - Starting service: get:/flights:indian_airways-config.stage1
2018-01-01 23:29:54,737 [main] INFO  org.mule.construct.FlowConstructLifecycleManager - Starting flow: get:/flights/{ID}:indian_airways-config
2018-01-01 23:29:54,737 [main] INFO  org.mule.processor.SedaStageLifecycleManager - Starting service: get:/flights/{ID}:indian_airways-config.stage1
2018-01-01 23:29:54,744 [main] INFO  org.mule.construct.FlowConstructLifecycleManager - Starting flow: post:/flights:indian_airways-config
2018-01-01 23:29:54,744 [main] INFO  org.mule.processor.SedaStageLifecycleManager - Starting service: post:/flights:indian_airways-config.stage1
2018-01-01 23:29:54,897 [main] INFO  org.mule.module.management.agent.WrapperManagerAgent - This JVM hasn't been launched by the wrapper, the agent will not run.
2018-01-01 23:29:54,964 [main] INFO  org.mule.DefaultMuleContext - 
**********************************************************************
* Application: auto-rest                                             *
* OS encoding: \, Mule encoding: UTF-8                               *
*                                                                    *
* Agents Running:                                                    *
*   Batch module default engine                                      *
*   DevKit Extension Information                                     *
*   JMX Agent                                                        *
*   Wrapper Manager                                                  *
**********************************************************************
2018-01-01 23:30:11,112 [[auto-rest].indian_airways-httpListenerConfig.worker.02] INFO  org.mule.module.http.internal.listener.HttpListenerRegistry - No listener found for request: (GET)/flights
2018-01-01 23:30:11,112 [[auto-rest].indian_airways-httpListenerConfig.worker.02] INFO  org.mule.module.http.internal.listener.HttpListenerRegistry - Available listeners are: [(*)/console/*, (*)/api/*]
2018-01-01 23:30:20,933 [[auto-rest].indian_airways-httpListenerConfig.worker.02] INFO  org.mule.module.http.internal.listener.HttpListenerRegistry - No listener found for request: (GET)/
2018-01-01 23:30:20,933 [[auto-rest].indian_airways-httpListenerConfig.worker.02] INFO  org.mule.module.http.internal.listener.HttpListenerRegistry - Available listeners are: [(*)/console/*, (*)/api/*]
2018-01-01 23:30:31,828 [[auto-rest].indian_airways-httpListenerConfig.worker.02] ERROR org.mule.module.apikit.MappingExceptionListener - 
********************************************************************************
Message               : Required query parameter code not specified
Payload               : {NullPayload}
Payload Type          : org.mule.transport.NullPayload
Element               : /indian_airways-main/processors/0 @ auto-rest:indian_airways.xml:10 (APIkit Router)
Element XML           : <apikit:router config-ref="indian_airways-config" doc:name="APIkit Router"></apikit:router>
--------------------------------------------------------------------------------
Root Exception stack trace:
org.mule.module.apikit.exception.InvalidQueryParameterException: Required query parameter code not specified
	at org.mule.module.apikit.HttpRestRequest.processQueryParameters(HttpRestRequest.java:153)
	at org.mule.module.apikit.HttpRestRequest.validate(HttpRestRequest.java:122)
	at org.mule.module.apikit.AbstractRouter.processRouterRequest(AbstractRouter.java:205)
	at org.mule.module.apikit.AbstractRouter.processBlockingRequest(AbstractRouter.java:104)
	at org.mule.module.apikit.AbstractRouter.processBlocking(AbstractRouter.java:98)
	at org.mule.module.apikit.AbstractRouter.process(AbstractRouter.java:80)
	at org.mule.execution.ExceptionToMessagingExceptionExecutionInterceptor.execute(ExceptionToMessagingExceptionExecutionInterceptor.java:27)
	at org.mule.execution.MessageProcessorNotificationExecutionInterceptor.execute(MessageProcessorNotificationExecutionInterceptor.java:108)
	at org.mule.execution.MessageProcessorExecutionTemplate.execute(MessageProcessorExecutionTemplate.java:44)
	at org.mule.processor.BlockingProcessorExecutor.executeNext(BlockingProcessorExecutor.java:98)
	at org.mule.processor.BlockingProcessorExecutor.execute(BlockingProcessorExecutor.java:59)
	at org.mule.processor.AsyncInterceptingMessageProcessor.process(AsyncInterceptingMessageProcessor.java:108)
	at org.mule.execution.ExceptionToMessagingExceptionExecutionInterceptor.execute(ExceptionToMessagingExceptionExecutionInterceptor.java:27)
	at org.mule.execution.MessageProcessorNotificationExecutionInterceptor.execute(MessageProcessorNotificationExecutionInterceptor.java:108)
	at org.mule.execution.MessageProcessorExecutionTemplate.execute(MessageProcessorExecutionTemplate.java:44)
	at org.mule.processor.BlockingProcessorExecutor.executeNext(BlockingProcessorExecutor.java:98)
	at org.mule.processor.BlockingProcessorExecutor.execute(BlockingProcessorExecutor.java:59)
	at org.mule.construct.DynamicPipelineMessageProcessor.process(DynamicPipelineMessageProcessor.java:55)
	at org.mule.execution.ExceptionToMessagingExceptionExecutionInterceptor.execute(ExceptionToMessagingExceptionExecutionInterceptor.java:27)
	at org.mule.execution.MessageProcessorNotificationExecutionInterceptor.execute(MessageProcessorNotificationExecutionInterceptor.java:108)
	at org.mule.execution.MessageProcessorExecutionTemplate.execute(MessageProcessorExecutionTemplate.java:44)
	at org.mule.processor.BlockingProcessorExecutor.executeNext(BlockingProcessorExecutor.java:88)
	at org.mule.processor.BlockingProcessorExecutor.execute(BlockingProcessorExecutor.java:59)
	at org.mule.execution.ExceptionToMessagingExceptionExecutionInterceptor.execute(ExceptionToMessagingExceptionExecutionInterceptor.java:27)
	at org.mule.execution.MessageProcessorExecutionTemplate.execute(MessageProcessorExecutionTemplate.java:44)
	at org.mule.processor.BlockingProcessorExecutor.executeNext(BlockingProcessorExecutor.java:98)
	at org.mule.processor.BlockingProcessorExecutor.execute(BlockingProcessorExecutor.java:59)
	at org.mule.interceptor.AbstractEnvelopeInterceptor.processBlocking(AbstractEnvelopeInterceptor.java:58)
	at org.mule.processor.AbstractRequestResponseMessageProcessor.process(AbstractRequestResponseMessageProcessor.java:47)
	at org.mule.execution.ExceptionToMessagingExceptionExecutionInterceptor.execute(ExceptionToMessagingExceptionExecutionInterceptor.java:27)
	at org.mule.execution.MessageProcessorNotificationExecutionInterceptor.execute(MessageProcessorNotificationExecutionInterceptor.java:108)
	at org.mule.execution.MessageProcessorExecutionTemplate.execute(MessageProcessorExecutionTemplate.java:44)
	at org.mule.processor.BlockingProcessorExecutor.executeNext(BlockingProcessorExecutor.java:98)
	at org.mule.processor.BlockingProcessorExecutor.execute(BlockingProcessorExecutor.java:59)
	at org.mule.processor.AbstractFilteringMessageProcessor.process(AbstractFilteringMessageProcessor.java:52)
	at org.mule.execution.ExceptionToMessagingExceptionExecutionInterceptor.execute(ExceptionToMessagingExceptionExecutionInterceptor.java:27)
	at org.mule.execution.MessageProcessorNotificationExecutionInterceptor.execute(MessageProcessorNotificationExecutionInterceptor.java:108)
	at org.mule.execution.MessageProcessorExecutionTemplate.execute(MessageProcessorExecutionTemplate.java:44)
	at org.mule.processor.BlockingProcessorExecutor.executeNext(BlockingProcessorExecutor.java:98)
	at org.mule.processor.BlockingProcessorExecutor.execute(BlockingProcessorExecutor.java:59)
	at org.mule.processor.AbstractRequestResponseMessageProcessor.processBlocking(AbstractRequestResponseMessageProcessor.java:56)
	at org.mule.processor.AbstractRequestResponseMessageProcessor.process(AbstractRequestResponseMessageProcessor.java:47)
	at org.mule.execution.ExceptionToMessagingExceptionExecutionInterceptor.execute(ExceptionToMessagingExceptionExecutionInterceptor.java:27)
	at org.mule.execution.MessageProcessorNotificationExecutionInterceptor.execute(MessageProcessorNotificationExecutionInterceptor.java:108)
	at org.mule.execution.MessageProcessorExecutionTemplate.execute(MessageProcessorExecutionTemplate.java:44)
	at org.mule.processor.BlockingProcessorExecutor.executeNext(BlockingProcessorExecutor.java:88)
	at org.mule.processor.BlockingProcessorExecutor.execute(BlockingProcessorExecutor.java:59)
	at org.mule.execution.ExceptionToMessagingExceptionExecutionInterceptor.execute(ExceptionToMessagingExceptionExecutionInterceptor.java:27)
	at org.mule.execution.MessageProcessorNotificationExecutionInterceptor.execute(MessageProcessorNotificationExecutionInterceptor.java:108)
	at org.mule.execution.MessageProcessorExecutionTemplate.execute(MessageProcessorExecutionTemplate.java:44)
	at org.mule.construct.AbstractPipeline$3.process(AbstractPipeline.java:232)
	at org.mule.module.http.internal.listener.HttpMessageProcessorTemplate.routeEvent(HttpMessageProcessorTemplate.java:73)
	at org.mule.execution.AsyncResponseFlowProcessingPhase$1.process(AsyncResponseFlowProcessingPhase.java:72)
	at org.mule.execution.AsyncResponseFlowProcessingPhase$1.process(AsyncResponseFlowProcessingPhase.java:59)
	at org.mule.execution.ExecuteCallbackInterceptor.execute(ExecuteCallbackInterceptor.java:16)
	at org.mule.execution.CommitTransactionInterceptor.execute(CommitTransactionInterceptor.java:35)
	at org.mule.execution.CommitTransactionInterceptor.execute(CommitTransactionInterceptor.java:22)
	at org.mule.execution.HandleExceptionInterceptor.execute(HandleExceptionInterceptor.java:30)
	at org.mule.execution.HandleExceptionInterceptor.execute(HandleExceptionInterceptor.java:14)
	at org.mule.execution.BeginAndResolveTransactionInterceptor.execute(BeginAndResolveTransactionInterceptor.java:67)
	at org.mule.execution.ResolvePreviousTransactionInterceptor.execute(ResolvePreviousTransactionInterceptor.java:44)
	at org.mule.execution.SuspendXaTransactionInterceptor.execute(SuspendXaTransactionInterceptor.java:50)
	at org.mule.execution.ValidateTransactionalStateInterceptor.execute(ValidateTransactionalStateInterceptor.java:40)
	at org.mule.execution.IsolateCurrentTransactionInterceptor.execute(IsolateCurrentTransactionInterceptor.java:41)
	at org.mule.execution.ExternalTransactionInterceptor.execute(ExternalTransactionInterceptor.java:48)
	at org.mule.execution.RethrowExceptionInterceptor.execute(RethrowExceptionInterceptor.java:28)
	at org.mule.execution.RethrowExceptionInterceptor.execute(RethrowExceptionInterceptor.java:13)
	at org.mule.execution.TransactionalErrorHandlingExecutionTemplate.execute(TransactionalErrorHandlingExecutionTemplate.java:110)
	at org.mule.execution.AsyncResponseFlowProcessingPhase.runPhase(AsyncResponseFlowProcessingPhase.java:58)
	at org.mule.execution.AsyncResponseFlowProcessingPhase.runPhase(AsyncResponseFlowProcessingPhase.java:35)
	at org.mule.execution.PhaseExecutionEngine$InternalPhaseExecutionEngine.phaseSuccessfully(PhaseExecutionEngine.java:65)
	at org.mule.execution.PhaseExecutionEngine$InternalPhaseExecutionEngine.phaseSuccessfully(PhaseExecutionEngine.java:69)
	at com.mulesoft.mule.throttling.ThrottlingPhase.runPhase(ThrottlingPhase.java:187)
	at com.mulesoft.mule.throttling.ThrottlingPhase.runPhase(ThrottlingPhase.java:58)
	at org.mule.execution.PhaseExecutionEngine$InternalPhaseExecutionEngine.phaseSuccessfully(PhaseExecutionEngine.java:65)
	at com.mulesoft.gateway.http.phases.GatewayValidationPhase.runPhase(GatewayValidationPhase.java:93)
	at com.mulesoft.gateway.http.phases.GatewayValidationPhase.runPhase(GatewayValidationPhase.java:49)
	at org.mule.execution.PhaseExecutionEngine$InternalPhaseExecutionEngine.phaseSuccessfully(PhaseExecutionEngine.java:65)
	at org.mule.modules.cors.CorsPhase.runPhase(CorsPhase.java:112)
	at org.mule.modules.cors.CorsPhase.runPhase(CorsPhase.java:39)
	at org.mule.execution.PhaseExecutionEngine$InternalPhaseExecutionEngine.process(PhaseExecutionEngine.java:114)
	at org.mule.execution.PhaseExecutionEngine.process(PhaseExecutionEngine.java:41)
	at org.mule.execution.MuleMessageProcessingManager.processMessage(MuleMessageProcessingManager.java:32)
	at org.mule.module.http.internal.listener.DefaultHttpListener$1.handleRequest(DefaultHttpListener.java:135)
	at org.mule.module.http.internal.listener.grizzly.GrizzlyRequestDispatcherFilter.handleRead(GrizzlyRequestDispatcherFilter.java:100)
	at org.glassfish.grizzly.filterchain.ExecutorResolver$9.execute(ExecutorResolver.java:119)
	at org.glassfish.grizzly.filterchain.DefaultFilterChain.executeFilter(DefaultFilterChain.java:284)
	at org.glassfish.grizzly.filterchain.DefaultFilterChain.executeChainPart(DefaultFilterChain.java:201)
	at org.glassfish.grizzly.filterchain.DefaultFilterChain.execute(DefaultFilterChain.java:133)
	at org.glassfish.grizzly.filterchain.DefaultFilterChain.process(DefaultFilterChain.java:112)
	at org.glassfish.grizzly.ProcessorExecutor.execute(ProcessorExecutor.java:77)
	at org.glassfish.grizzly.nio.transport.TCPNIOTransport.fireIOEvent(TCPNIOTransport.java:539)
	at org.glassfish.grizzly.strategies.AbstractIOStrategy.fireIOEvent(AbstractIOStrategy.java:112)
	at org.mule.module.http.internal.listener.grizzly.ExecutorPerServerAddressIOStrategy.run0(ExecutorPerServerAddressIOStrategy.java:119)
	at org.mule.module.http.internal.listener.grizzly.ExecutorPerServerAddressIOStrategy.access$100(ExecutorPerServerAddressIOStrategy.java:31)
	at org.mule.module.http.internal.listener.grizzly.ExecutorPerServerAddressIOStrategy$WorkerThreadRunnable.run(ExecutorPerServerAddressIOStrategy.java:142)
	at java.util.concurrent.ThreadPoolExecutor.runWorker(Unknown Source)
	at java.util.concurrent.ThreadPoolExecutor$Worker.run(Unknown Source)
	at java.lang.Thread.run(Unknown Source)

********************************************************************************

